------------------------------------------------------------------------------------------------------------------------

[2022-01-10 10:08:09 #1 store] 
Database 'C:\Users\DAM2Alu10\Documents\Acceso a datos\Workspace\ObjectDBRelaciones\db\manytomany.odb' is opened by 9608@B02-PC09

[2022-01-10 10:08:09 #2 store] 
Configuration path: ?

[2022-01-10 10:08:09 #3 type] 
Type manyToMany.Empleado is not enhanced.

[2022-01-10 10:08:09 #4 type] 
Type manyToMany.Proyecto is not enhanced.

------------------------------------------------------------------------------------------------------------------------

[2022-01-10 10:10:40 #1 store] 
Database 'C:\Users\DAM2Alu10\Documents\Acceso a datos\Workspace\ObjectDBRelaciones\db\manytomany.odb' is opened by 7508@B02-PC09

[2022-01-10 10:10:40 #2 store] 
Configuration path: ?

[2022-01-10 10:10:40 #3 type] 
Type manyToMany.Empleado is not enhanced.

[2022-01-10 10:10:40 #4 type] 
Type manyToMany.Proyecto is not enhanced.

------------------------------------------------------------------------------------------------------------------------

[2022-01-10 10:11:07 #1 store] 
Database 'C:\Users\DAM2Alu10\Documents\Acceso a datos\Workspace\ObjectDBRelaciones\db\manytomany.odb' is opened by 11088@B02-PC09

[2022-01-10 10:11:07 #2 store] 
Configuration path: ?

[2022-01-10 10:11:07 #3 type] 
Type manyToMany.Empleado is not enhanced.

[2022-01-10 10:11:07 #4 type] 
Type manyToMany.Proyecto is not enhanced.

------------------------------------------------------------------------------------------------------------------------

[2022-01-10 10:12:28 #1 store] 
Database 'C:\Users\DAM2Alu10\Documents\Acceso a datos\Workspace\ObjectDBRelaciones\db\manytomany.odb' is opened by 8156@B02-PC09

[2022-01-10 10:12:28 #2 store] 
Configuration path: ?

[2022-01-10 10:12:28 #3 type] 
Type manyToMany.Empleado is not enhanced.

[2022-01-10 10:12:28 #4 type] 
Type manyToMany.Proyecto is not enhanced.

------------------------------------------------------------------------------------------------------------------------

[2022-01-10 10:13:06 #1 store] 
Database 'C:\Users\DAM2Alu10\Documents\Acceso a datos\Workspace\ObjectDBRelaciones\db\manytomany.odb' is opened by 4412@B02-PC09

[2022-01-10 10:13:06 #2 store] 
Configuration path: ?

[2022-01-10 10:13:06 #3 type] 
Type manyToMany.Empleado is not enhanced.

[2022-01-10 10:13:06 #4 type] 
Type manyToMany.Proyecto is not enhanced.

------------------------------------------------------------------------------------------------------------------------

[2022-01-10 10:13:21 #1 store] 
Database 'C:\Users\DAM2Alu10\Documents\Acceso a datos\Workspace\ObjectDBRelaciones\db\manytomany.odb' has been recovered (tr. 1-6)

[2022-01-10 10:13:21 #2 store] 
Database 'C:\Users\DAM2Alu10\Documents\Acceso a datos\Workspace\ObjectDBRelaciones\db\manytomany.odb' is opened by 10304@B02-PC09

[2022-01-10 10:13:21 #3 store] 
Configuration path: ?

[2022-01-10 10:13:21 #4 type] 
Type manyToMany.Empleado is not enhanced.

[2022-01-10 10:13:21 #5 type] 
Type manyToMany.Proyecto is not enhanced.

------------------------------------------------------------------------------------------------------------------------

[2022-01-10 10:13:47 #1 store] 
Database 'C:\Users\DAM2Alu10\Documents\Acceso a datos\Workspace\ObjectDBRelaciones\db\manytomany.odb' has been recovered (tr. 7-7)

[2022-01-10 10:13:47 #2 store] 
Database 'C:\Users\DAM2Alu10\Documents\Acceso a datos\Workspace\ObjectDBRelaciones\db\manytomany.odb' is opened by 9180@B02-PC09

[2022-01-10 10:13:47 #3 store] 
Configuration path: ?

[2022-01-10 10:13:47 #4 type] 
Type manyToMany.Empleado is not enhanced.

[2022-01-10 10:13:47 #5 type] 
Type manyToMany.Proyecto is not enhanced.

------------------------------------------------------------------------------------------------------------------------

[2022-01-10 10:13:47 #1 store] 
Database 'C:\Users\DAM2Alu10\Documents\Acceso a datos\Workspace\ObjectDBRelaciones\db\manytomany.odb' has been recovered (tr. 8-8)

[2022-01-10 10:13:47 #2 store] 
Database 'C:\Users\DAM2Alu10\Documents\Acceso a datos\Workspace\ObjectDBRelaciones\db\manytomany.odb' is opened by 11480@B02-PC09

[2022-01-10 10:13:47 #3 store] 
Configuration path: ?

[2022-01-10 10:13:47 #4 type] 
Type manyToMany.Empleado is not enhanced.

[2022-01-10 10:13:47 #5 type] 
Type manyToMany.Proyecto is not enhanced.

------------------------------------------------------------------------------------------------------------------------

[2022-01-10 10:14:28 #1 store] 
Database 'C:\Users\DAM2Alu10\Documents\Acceso a datos\Workspace\ObjectDBRelaciones\db\manytomany.odb' is opened by 8964@B02-PC09

[2022-01-10 10:14:28 #2 store] 
Configuration path: ?

[2022-01-10 10:14:28 #3 type] 
Type manyToMany.Empleado is not enhanced.

[2022-01-10 10:14:28 #4 type] 
Type manyToMany.Proyecto is not enhanced.

