------------------------------------------------------------------------------------------------------------------------

[2021-12-17 12:18:08 #1 store] 
Database 'C:\Users\DAM2Alu10\Documents\Acceso a datos\Workspace\AccesoDatos\TutorialObjectDB\db\empleados.odb' is opened by 5928@B02-PC09

[2021-12-17 12:18:08 #2 store] 
Configuration path: ?

[2021-12-17 12:18:08 #3 type] 
Type ejemplo1.DepartamentoEntity is not enhanced.

[2021-12-17 12:18:08 #4 type] 
Type ejemplo1.EmpleadoEntity is not enhanced.

[2021-12-17 12:18:08 #5 store] 
Database 'C:\Users\DAM2Alu10\Documents\Acceso a datos\Workspace\AccesoDatos\TutorialObjectDB\db\empleados.odb' is closed by 5928@B02-PC09

------------------------------------------------------------------------------------------------------------------------

[2021-12-17 12:19:28 #1 store] 
Database 'C:\Users\DAM2Alu10\Documents\Acceso a datos\Workspace\AccesoDatos\TutorialObjectDB\db\empleados.odb' is opened by 10464@B02-PC09

[2021-12-17 12:19:28 #2 store] 
Configuration path: ?

[2021-12-17 12:19:28 #3 type] 
Type ejemplo1.DepartamentoEntity is not enhanced.

[2021-12-17 12:19:28 #4 type] 
Type ejemplo1.EmpleadoEntity is not enhanced.

[2021-12-17 12:19:28 #5 store] 
Database 'C:\Users\DAM2Alu10\Documents\Acceso a datos\Workspace\AccesoDatos\TutorialObjectDB\db\empleados.odb' is closed by 10464@B02-PC09

------------------------------------------------------------------------------------------------------------------------

[2021-12-17 12:22:09 #1 store] 
Database 'C:\Users\DAM2Alu10\Documents\Acceso a datos\Workspace\AccesoDatos\TutorialObjectDB\db\empleados.odb' is opened by 3092@B02-PC09

[2021-12-17 12:22:09 #2 store] 
Configuration path: ?

[2021-12-17 12:22:09 #3 type] 
Type ejemplo1.DepartamentoEntity is not enhanced.

[2021-12-17 12:22:09 #4 type] 
Type ejemplo1.EmpleadoEntity is not enhanced.

[2021-12-17 12:22:09 #5 store] 
Database 'C:\Users\DAM2Alu10\Documents\Acceso a datos\Workspace\AccesoDatos\TutorialObjectDB\db\empleados.odb' is closed by 3092@B02-PC09

------------------------------------------------------------------------------------------------------------------------

[2021-12-17 12:22:35 #1 store] 
Database 'C:\Users\DAM2Alu10\Documents\Acceso a datos\Workspace\AccesoDatos\TutorialObjectDB\db\empleados.odb' is opened by 9224@B02-PC09

[2021-12-17 12:22:35 #2 store] 
Configuration path: ?

[2021-12-17 12:22:35 #3 type] 
Type ejemplo1.DepartamentoEntity is not enhanced.

[2021-12-17 12:22:35 #4 type] 
Type ejemplo1.EmpleadoEntity is not enhanced.

[2021-12-17 12:22:35 #5 store] 
Database 'C:\Users\DAM2Alu10\Documents\Acceso a datos\Workspace\AccesoDatos\TutorialObjectDB\db\empleados.odb' is closed by 9224@B02-PC09

------------------------------------------------------------------------------------------------------------------------

[2021-12-17 12:22:58 #1 store] 
Database 'C:\Users\DAM2Alu10\Documents\Acceso a datos\Workspace\AccesoDatos\TutorialObjectDB\db\empleados.odb' is opened by 2896@B02-PC09

[2021-12-17 12:22:58 #2 store] 
Configuration path: ?

[2021-12-17 12:22:58 #3 type] 
Type ejemplo1.DepartamentoEntity is not enhanced.

[2021-12-17 12:22:58 #4 type] 
Type ejemplo1.EmpleadoEntity is not enhanced.

[2021-12-17 12:22:58 #5 store] 
Database 'C:\Users\DAM2Alu10\Documents\Acceso a datos\Workspace\AccesoDatos\TutorialObjectDB\db\empleados.odb' is closed by 2896@B02-PC09

------------------------------------------------------------------------------------------------------------------------

[2021-12-17 12:23:16 #1 store] 
Database 'C:\Users\DAM2Alu10\Documents\Acceso a datos\Workspace\AccesoDatos\TutorialObjectDB\db\empleados.odb' is opened by 5600@B02-PC09

[2021-12-17 12:23:16 #2 store] 
Configuration path: ?

[2021-12-17 12:23:16 #3 type] 
Type ejemplo1.DepartamentoEntity is not enhanced.

[2021-12-17 12:23:16 #4 type] 
Type ejemplo1.EmpleadoEntity is not enhanced.

[2021-12-17 12:23:16 #5 store] 
Database 'C:\Users\DAM2Alu10\Documents\Acceso a datos\Workspace\AccesoDatos\TutorialObjectDB\db\empleados.odb' is closed by 5600@B02-PC09

------------------------------------------------------------------------------------------------------------------------

[2021-12-17 12:24:18 #1 store] 
Database 'C:\Users\DAM2Alu10\Documents\Acceso a datos\Workspace\AccesoDatos\TutorialObjectDB\db\empleados.odb' is opened by 6912@B02-PC09

[2021-12-17 12:24:18 #2 store] 
Configuration path: ?

[2021-12-17 12:24:18 #3 type] 
Type ejemplo1.DepartamentoEntity is not enhanced.

[2021-12-17 12:24:18 #4 type] 
Type ejemplo1.EmpleadoEntity is not enhanced.

[2021-12-17 12:24:18 #5 store] 
Database 'C:\Users\DAM2Alu10\Documents\Acceso a datos\Workspace\AccesoDatos\TutorialObjectDB\db\empleados.odb' is closed by 6912@B02-PC09

------------------------------------------------------------------------------------------------------------------------

[2021-12-17 12:24:26 #1 store] 
Database 'C:\Users\DAM2Alu10\Documents\Acceso a datos\Workspace\AccesoDatos\TutorialObjectDB\db\empleados.odb' is opened by 5428@B02-PC09

[2021-12-17 12:24:26 #2 store] 
Configuration path: ?

[2021-12-17 12:24:26 #3 type] 
Type ejemplo1.DepartamentoEntity is not enhanced.

[2021-12-17 12:24:26 #4 type] 
Type ejemplo1.EmpleadoEntity is not enhanced.

[2021-12-17 12:24:27 #5 store] 
Database 'C:\Users\DAM2Alu10\Documents\Acceso a datos\Workspace\AccesoDatos\TutorialObjectDB\db\empleados.odb' is closed by 5428@B02-PC09

------------------------------------------------------------------------------------------------------------------------

[2021-12-17 12:25:04 #1 store] 
Database 'C:\Users\DAM2Alu10\Documents\Acceso a datos\Workspace\AccesoDatos\TutorialObjectDB\db\empleados.odb' is opened by 1524@B02-PC09

[2021-12-17 12:25:04 #2 store] 
Configuration path: ?

[2021-12-17 12:25:04 #3 type] 
Type ejemplo1.DepartamentoEntity is not enhanced.

[2021-12-17 12:25:04 #4 type] 
Type ejemplo1.EmpleadoEntity is not enhanced.

[2021-12-17 12:25:04 #5 store] 
Database 'C:\Users\DAM2Alu10\Documents\Acceso a datos\Workspace\AccesoDatos\TutorialObjectDB\db\empleados.odb' is closed by 1524@B02-PC09

------------------------------------------------------------------------------------------------------------------------

[2021-12-17 12:29:50 #1 store] 
Database 'C:\Users\DAM2Alu10\Documents\Acceso a datos\Workspace\AccesoDatos\TutorialObjectDB\db\empleados.odb' is opened by 3504@B02-PC09

[2021-12-17 12:29:50 #2 store] 
Configuration path: ?

[2021-12-17 12:29:50 #3 type] 
Type ejemplo1.DepartamentoEntity is not enhanced.

[2021-12-17 12:29:50 #4 type] 
Type ejemplo1.EmpleadoEntity is not enhanced.

[2021-12-17 12:29:50 #5 store] 
Database 'C:\Users\DAM2Alu10\Documents\Acceso a datos\Workspace\AccesoDatos\TutorialObjectDB\db\empleados.odb' is closed by 3504@B02-PC09

------------------------------------------------------------------------------------------------------------------------

[2021-12-17 12:33:30 #1 store] 
Database 'C:\Users\DAM2Alu10\Documents\Acceso a datos\Workspace\AccesoDatos\TutorialObjectDB\db\empleados.odb' is opened by 7888@B02-PC09

[2021-12-17 12:33:30 #2 store] 
Configuration path: ?

[2021-12-17 12:33:30 #3 type] 
Type ejemplo1.DepartamentoEntity is not enhanced.

[2021-12-17 12:33:30 #4 type] 
Type ejemplo1.EmpleadoEntity is not enhanced.

------------------------------------------------------------------------------------------------------------------------

[2021-12-17 12:34:04 #1 store] 
Database 'C:\Users\DAM2Alu10\Documents\Acceso a datos\Workspace\AccesoDatos\TutorialObjectDB\db\empleados.odb' is opened by 11028@B02-PC09

[2021-12-17 12:34:04 #2 store] 
Configuration path: ?

[2021-12-17 12:34:04 #3 type] 
Type ejemplo1.DepartamentoEntity is not enhanced.

[2021-12-17 12:34:04 #4 type] 
Type ejemplo1.EmpleadoEntity is not enhanced.

[2021-12-17 12:34:04 #5 store] 
Database 'C:\Users\DAM2Alu10\Documents\Acceso a datos\Workspace\AccesoDatos\TutorialObjectDB\db\empleados.odb' is closed by 11028@B02-PC09

------------------------------------------------------------------------------------------------------------------------

[2021-12-17 12:40:22 #1 store] 
Database 'C:\Users\DAM2Alu10\Documents\Acceso a datos\Workspace\AccesoDatos\TutorialObjectDB\db\empleados.odb' is opened by 9612@B02-PC09

[2021-12-17 12:40:22 #2 store] 
Configuration path: ?

[2021-12-17 12:40:22 #3 type] 
Type ejemplo1.DepartamentoEntity is not enhanced.

[2021-12-17 12:40:22 #4 type] 
Type ejemplo1.EmpleadoEntity is not enhanced.

[2021-12-17 12:40:22 #5 store] 
Database 'C:\Users\DAM2Alu10\Documents\Acceso a datos\Workspace\AccesoDatos\TutorialObjectDB\db\empleados.odb' is closed by 9612@B02-PC09

------------------------------------------------------------------------------------------------------------------------

[2021-12-17 12:42:00 #1 store] 
Database 'C:\Users\DAM2Alu10\Documents\Acceso a datos\Workspace\AccesoDatos\TutorialObjectDB\db\empleados.odb' is opened by 6264@B02-PC09

[2021-12-17 12:42:00 #2 store] 
Configuration path: ?

[2021-12-17 12:42:00 #3 type] 
Type ejemplo1.DepartamentoEntity is not enhanced.

[2021-12-17 12:42:00 #4 type] 
Type ejemplo1.EmpleadoEntity is not enhanced.

[2021-12-17 12:42:00 #5 store] 
Database 'C:\Users\DAM2Alu10\Documents\Acceso a datos\Workspace\AccesoDatos\TutorialObjectDB\db\empleados.odb' is closed by 6264@B02-PC09

------------------------------------------------------------------------------------------------------------------------

[2021-12-17 12:45:56 #1 store] 
Database 'C:\Users\DAM2Alu10\Documents\Acceso a datos\Workspace\AccesoDatos\TutorialObjectDB\db\empleados.odb' is opened by 5756@B02-PC09

[2021-12-17 12:45:56 #2 store] 
Configuration path: ?

[2021-12-17 12:45:56 #3 type] 
Type ejemplo1.DepartamentoEntity is not enhanced.

[2021-12-17 12:45:56 #4 type] 
Type ejemplo1.EmpleadoEntity is not enhanced.

[2021-12-17 12:45:56 #5 store] 
Database 'C:\Users\DAM2Alu10\Documents\Acceso a datos\Workspace\AccesoDatos\TutorialObjectDB\db\empleados.odb' is closed by 5756@B02-PC09

------------------------------------------------------------------------------------------------------------------------

[2021-12-17 12:50:12 #1 store] 
Database 'C:\Users\DAM2Alu10\Documents\Acceso a datos\Workspace\AccesoDatos\TutorialObjectDB\db\empleados.odb' is opened by 10360@B02-PC09

[2021-12-17 12:50:12 #2 store] 
Configuration path: ?

[2021-12-17 12:50:12 #3 type] 
Type ejemplo1.DepartamentoEntity is not enhanced.

[2021-12-17 12:50:12 #4 type] 
Type ejemplo1.EmpleadoEntity is not enhanced.

[2021-12-17 12:50:12 #5 store] 
Database 'C:\Users\DAM2Alu10\Documents\Acceso a datos\Workspace\AccesoDatos\TutorialObjectDB\db\empleados.odb' is closed by 10360@B02-PC09

------------------------------------------------------------------------------------------------------------------------

[2021-12-17 12:50:59 #1 store] 
Database 'C:\Users\DAM2Alu10\Documents\Acceso a datos\Workspace\AccesoDatos\TutorialObjectDB\db\empleados.odb' is opened by 9708@B02-PC09

[2021-12-17 12:50:59 #2 store] 
Configuration path: ?

[2021-12-17 12:50:59 #3 type] 
Type ejemplo1.DepartamentoEntity is not enhanced.

[2021-12-17 12:50:59 #4 type] 
Type ejemplo1.EmpleadoEntity is not enhanced.

[2021-12-17 12:50:59 #5 store] 
Database 'C:\Users\DAM2Alu10\Documents\Acceso a datos\Workspace\AccesoDatos\TutorialObjectDB\db\empleados.odb' is closed by 9708@B02-PC09

------------------------------------------------------------------------------------------------------------------------

[2021-12-17 12:53:03 #1 store] 
Database 'C:\Users\DAM2Alu10\Documents\Acceso a datos\Workspace\AccesoDatos\TutorialObjectDB\db\empleados.odb' is opened by 7792@B02-PC09

[2021-12-17 12:53:03 #2 store] 
Configuration path: ?

[2021-12-17 12:53:03 #3 type] 
Type ejemplo1.DepartamentoEntity is not enhanced.

[2021-12-17 12:53:03 #4 type] 
Type ejemplo1.EmpleadoEntity is not enhanced.

------------------------------------------------------------------------------------------------------------------------

[2021-12-17 12:53:23 #1 store] 
Database 'C:\Users\DAM2Alu10\Documents\Acceso a datos\Workspace\AccesoDatos\TutorialObjectDB\db\empleados.odb' is opened by 2448@B02-PC09

[2021-12-17 12:53:23 #2 store] 
Configuration path: ?

[2021-12-17 12:53:23 #3 type] 
Type ejemplo1.DepartamentoEntity is not enhanced.

[2021-12-17 12:53:23 #4 type] 
Type ejemplo1.EmpleadoEntity is not enhanced.

[2021-12-17 12:53:23 #5 store] 
Database 'C:\Users\DAM2Alu10\Documents\Acceso a datos\Workspace\AccesoDatos\TutorialObjectDB\db\empleados.odb' is closed by 2448@B02-PC09

------------------------------------------------------------------------------------------------------------------------

[2021-12-17 12:59:26 #1 store] 
Database 'C:\Users\DAM2Alu10\Documents\Acceso a datos\Workspace\AccesoDatos\TutorialObjectDB\db\empleados.odb' is opened by 8540@B02-PC09

[2021-12-17 12:59:26 #2 store] 
Configuration path: ?

[2021-12-17 12:59:26 #3 type] 
Type ejemplo1.DepartamentoEntity is not enhanced.

[2021-12-17 12:59:26 #4 type] 
Type ejemplo1.EmpleadoEntity is not enhanced.

------------------------------------------------------------------------------------------------------------------------

[2021-12-17 12:59:39 #1 store] 
Database 'C:\Users\DAM2Alu10\Documents\Acceso a datos\Workspace\AccesoDatos\TutorialObjectDB\db\empleados.odb' is opened by 5892@B02-PC09

[2021-12-17 12:59:39 #2 store] 
Configuration path: ?

[2021-12-17 12:59:39 #3 type] 
Type ejemplo1.DepartamentoEntity is not enhanced.

[2021-12-17 12:59:39 #4 type] 
Type ejemplo1.EmpleadoEntity is not enhanced.

[2021-12-17 12:59:39 #5 store] 
Database 'C:\Users\DAM2Alu10\Documents\Acceso a datos\Workspace\AccesoDatos\TutorialObjectDB\db\empleados.odb' is closed by 5892@B02-PC09

------------------------------------------------------------------------------------------------------------------------

[2021-12-17 13:01:59 #1 store] 
Database 'C:\Users\DAM2Alu10\Documents\Acceso a datos\Workspace\AccesoDatos\TutorialObjectDB\db\empleados.odb' is opened by 8812@B02-PC09

[2021-12-17 13:01:59 #2 store] 
Configuration path: ?

[2021-12-17 13:01:59 #3 type] 
Type ejemplo1.DepartamentoEntity is not enhanced.

[2021-12-17 13:01:59 #4 type] 
Type ejemplo1.EmpleadoEntity is not enhanced.

[2021-12-17 13:01:59 #5 store] 
Database 'C:\Users\DAM2Alu10\Documents\Acceso a datos\Workspace\AccesoDatos\TutorialObjectDB\db\empleados.odb' is closed by 8812@B02-PC09

------------------------------------------------------------------------------------------------------------------------

[2021-12-17 13:02:40 #1 store] 
Database 'C:\Users\DAM2Alu10\Documents\Acceso a datos\Workspace\AccesoDatos\TutorialObjectDB\db\empleados.odb' is opened by 10520@B02-PC09

[2021-12-17 13:02:40 #2 store] 
Configuration path: ?

[2021-12-17 13:02:40 #3 type] 
Type ejemplo1.DepartamentoEntity is not enhanced.

[2021-12-17 13:02:40 #4 type] 
Type ejemplo1.EmpleadoEntity is not enhanced.

[2021-12-17 13:02:40 #5 store] 
Database 'C:\Users\DAM2Alu10\Documents\Acceso a datos\Workspace\AccesoDatos\TutorialObjectDB\db\empleados.odb' is closed by 10520@B02-PC09

------------------------------------------------------------------------------------------------------------------------

[2021-12-17 13:02:56 #1 store] 
Database 'C:\Users\DAM2Alu10\Documents\Acceso a datos\Workspace\AccesoDatos\TutorialObjectDB\db\empleados.odb' is opened by 5068@B02-PC09

[2021-12-17 13:02:56 #2 store] 
Configuration path: ?

[2021-12-17 13:02:56 #3 type] 
Type ejemplo1.DepartamentoEntity is not enhanced.

[2021-12-17 13:02:56 #4 type] 
Type ejemplo1.EmpleadoEntity is not enhanced.

[2021-12-17 13:02:56 #5 store] 
Database 'C:\Users\DAM2Alu10\Documents\Acceso a datos\Workspace\AccesoDatos\TutorialObjectDB\db\empleados.odb' is closed by 5068@B02-PC09

------------------------------------------------------------------------------------------------------------------------

[2021-12-17 13:04:33 #1 store] 
Database 'C:\Users\DAM2Alu10\Documents\Acceso a datos\Workspace\AccesoDatos\TutorialObjectDB\db\empleados.odb' is opened by 9232@B02-PC09

[2021-12-17 13:04:33 #2 store] 
Configuration path: ?

[2021-12-17 13:04:33 #3 type] 
Type ejemplo1.DepartamentoEntity is not enhanced.

[2021-12-17 13:04:33 #4 type] 
Type ejemplo1.EmpleadoEntity is not enhanced.

[2021-12-17 13:04:33 #5 store] 
Database 'C:\Users\DAM2Alu10\Documents\Acceso a datos\Workspace\AccesoDatos\TutorialObjectDB\db\empleados.odb' is closed by 9232@B02-PC09

------------------------------------------------------------------------------------------------------------------------

[2021-12-17 13:04:50 #1 store] 
Database 'C:\Users\DAM2Alu10\Documents\Acceso a datos\Workspace\AccesoDatos\TutorialObjectDB\db\empleados.odb' is opened by 7288@B02-PC09

[2021-12-17 13:04:50 #2 store] 
Configuration path: ?

[2021-12-17 13:04:50 #3 type] 
Type ejemplo1.DepartamentoEntity is not enhanced.

[2021-12-17 13:04:50 #4 type] 
Type ejemplo1.EmpleadoEntity is not enhanced.

[2021-12-17 13:04:50 #5 store] 
Database 'C:\Users\DAM2Alu10\Documents\Acceso a datos\Workspace\AccesoDatos\TutorialObjectDB\db\empleados.odb' is closed by 7288@B02-PC09

------------------------------------------------------------------------------------------------------------------------

[2021-12-17 13:04:56 #1 store] 
Database 'C:\Users\DAM2Alu10\Documents\Acceso a datos\Workspace\AccesoDatos\TutorialObjectDB\db\empleados.odb' is opened by 2308@B02-PC09

[2021-12-17 13:04:56 #2 store] 
Configuration path: ?

[2021-12-17 13:04:56 #3 type] 
Type ejemplo1.DepartamentoEntity is not enhanced.

[2021-12-17 13:04:56 #4 type] 
Type ejemplo1.EmpleadoEntity is not enhanced.

[2021-12-17 13:04:56 #5 store] 
Database 'C:\Users\DAM2Alu10\Documents\Acceso a datos\Workspace\AccesoDatos\TutorialObjectDB\db\empleados.odb' is closed by 2308@B02-PC09

------------------------------------------------------------------------------------------------------------------------

[2021-12-17 13:13:11 #1 store] 
Database 'C:\Users\DAM2Alu10\Documents\Acceso a datos\Workspace\AccesoDatos\TutorialObjectDB\db\empleados.odb' is opened by 780@B02-PC09

[2021-12-17 13:13:11 #2 store] 
Configuration path: ?

[2021-12-17 13:13:11 #3 type] 
Type ejemplo1.DepartamentoEntity is not enhanced.

[2021-12-17 13:13:11 #4 type] 
Type ejemplo1.EmpleadoEntity is not enhanced.

------------------------------------------------------------------------------------------------------------------------

[2021-12-17 13:13:27 #1 store] 
Database 'C:\Users\DAM2Alu10\Documents\Acceso a datos\Workspace\AccesoDatos\TutorialObjectDB\db\empleados.odb' is opened by 1704@B02-PC09

[2021-12-17 13:13:27 #2 store] 
Configuration path: ?

[2021-12-17 13:13:27 #3 type] 
Type ejemplo1.DepartamentoEntity is not enhanced.

[2021-12-17 13:13:27 #4 type] 
Type ejemplo1.EmpleadoEntity is not enhanced.

[2021-12-17 13:13:27 #5 store] 
Database 'C:\Users\DAM2Alu10\Documents\Acceso a datos\Workspace\AccesoDatos\TutorialObjectDB\db\empleados.odb' is closed by 1704@B02-PC09

------------------------------------------------------------------------------------------------------------------------

[2021-12-17 13:18:14 #1 store] 
Database 'C:\Users\DAM2Alu10\Documents\Acceso a datos\Workspace\AccesoDatos\TutorialObjectDB\db\empleados.odb' is opened by 6696@B02-PC09

[2021-12-17 13:18:14 #2 store] 
Configuration path: ?

[2021-12-17 13:18:14 #3 type] 
Type ejemplo1.DepartamentoEntity is not enhanced.

[2021-12-17 13:18:14 #4 type] 
Type ejemplo1.EmpleadoEntity is not enhanced.

------------------------------------------------------------------------------------------------------------------------

[2021-12-17 13:18:34 #1 store] 
Database 'C:\Users\DAM2Alu10\Documents\Acceso a datos\Workspace\AccesoDatos\TutorialObjectDB\db\empleados.odb' is opened by 5428@B02-PC09

[2021-12-17 13:18:34 #2 store] 
Configuration path: ?

[2021-12-17 13:18:34 #3 type] 
Type ejemplo1.DepartamentoEntity is not enhanced.

[2021-12-17 13:18:34 #4 type] 
Type ejemplo1.EmpleadoEntity is not enhanced.

[2021-12-17 13:18:34 #5 store] 
Database 'C:\Users\DAM2Alu10\Documents\Acceso a datos\Workspace\AccesoDatos\TutorialObjectDB\db\empleados.odb' is closed by 5428@B02-PC09

------------------------------------------------------------------------------------------------------------------------

[2021-12-17 13:19:29 #1 store] 
Database 'C:\Users\DAM2Alu10\Documents\Acceso a datos\Workspace\AccesoDatos\TutorialObjectDB\db\empleados.odb' is opened by 1888@B02-PC09

[2021-12-17 13:19:29 #2 store] 
Configuration path: ?

[2021-12-17 13:19:29 #3 type] 
Type ejemplo1.DepartamentoEntity is not enhanced.

[2021-12-17 13:19:29 #4 type] 
Type ejemplo1.EmpleadoEntity is not enhanced.

[2021-12-17 13:19:30 #5 store] 
Database 'C:\Users\DAM2Alu10\Documents\Acceso a datos\Workspace\AccesoDatos\TutorialObjectDB\db\empleados.odb' is closed by 1888@B02-PC09

------------------------------------------------------------------------------------------------------------------------

[2021-12-17 13:20:58 #1 store] 
Database 'C:\Users\DAM2Alu10\Documents\Acceso a datos\Workspace\AccesoDatos\TutorialObjectDB\db\empleados.odb' is opened by 6340@B02-PC09

[2021-12-17 13:20:58 #2 store] 
Configuration path: ?

[2021-12-17 13:20:58 #3 type] 
Type ejemplo1.DepartamentoEntity is not enhanced.

[2021-12-17 13:20:58 #4 type] 
Type ejemplo1.EmpleadoEntity is not enhanced.

[2021-12-17 13:20:58 #5 store] 
Database 'C:\Users\DAM2Alu10\Documents\Acceso a datos\Workspace\AccesoDatos\TutorialObjectDB\db\empleados.odb' is closed by 6340@B02-PC09

------------------------------------------------------------------------------------------------------------------------

[2021-12-17 13:21:12 #1 store] 
Database 'C:\Users\DAM2Alu10\Documents\Acceso a datos\Workspace\AccesoDatos\TutorialObjectDB\db\empleados.odb' is opened by 8012@B02-PC09

[2021-12-17 13:21:12 #2 store] 
Configuration path: ?

[2021-12-17 13:21:12 #3 type] 
Type ejemplo1.DepartamentoEntity is not enhanced.

[2021-12-17 13:21:12 #4 type] 
Type ejemplo1.EmpleadoEntity is not enhanced.

------------------------------------------------------------------------------------------------------------------------

[2021-12-17 13:22:05 #1 store] 
Database 'C:\Users\DAM2Alu10\Documents\Acceso a datos\Workspace\AccesoDatos\TutorialObjectDB\db\empleados.odb' is opened by 8892@B02-PC09

[2021-12-17 13:22:05 #2 store] 
Configuration path: ?

[2021-12-17 13:22:05 #3 type] 
Type ejemplo1.DepartamentoEntity is not enhanced.

[2021-12-17 13:22:05 #4 type] 
Type ejemplo1.EmpleadoEntity is not enhanced.

------------------------------------------------------------------------------------------------------------------------

[2021-12-17 13:22:37 #1 store] 
Database 'C:\Users\DAM2Alu10\Documents\Acceso a datos\Workspace\AccesoDatos\TutorialObjectDB\db\empleados.odb' is opened by 10900@B02-PC09

[2021-12-17 13:22:37 #2 store] 
Configuration path: ?

[2021-12-17 13:22:37 #3 type] 
Type ejemplo1.DepartamentoEntity is not enhanced.

[2021-12-17 13:22:37 #4 type] 
Type ejemplo1.EmpleadoEntity is not enhanced.

------------------------------------------------------------------------------------------------------------------------

[2021-12-17 13:22:55 #1 store] 
Database 'C:\Users\DAM2Alu10\Documents\Acceso a datos\Workspace\AccesoDatos\TutorialObjectDB\db\empleados.odb' is opened by 10508@B02-PC09

[2021-12-17 13:22:55 #2 store] 
Configuration path: ?

[2021-12-17 13:22:55 #3 type] 
Type ejemplo1.DepartamentoEntity is not enhanced.

[2021-12-17 13:22:55 #4 type] 
Type ejemplo1.EmpleadoEntity is not enhanced.

[2021-12-17 13:22:55 #5 store] 
Database 'C:\Users\DAM2Alu10\Documents\Acceso a datos\Workspace\AccesoDatos\TutorialObjectDB\db\empleados.odb' is closed by 10508@B02-PC09

------------------------------------------------------------------------------------------------------------------------

[2021-12-17 13:24:44 #1 store] 
Database 'C:\Users\DAM2Alu10\Documents\Acceso a datos\Workspace\AccesoDatos\TutorialObjectDB\db\empleados.odb' is opened by 5756@B02-PC09

[2021-12-17 13:24:44 #2 store] 
Configuration path: ?

[2021-12-17 13:24:44 #3 type] 
Type ejemplo1.DepartamentoEntity is not enhanced.

[2021-12-17 13:24:44 #4 type] 
Type ejemplo1.EmpleadoEntity is not enhanced.

[2021-12-17 13:24:44 #5 store] 
Database 'C:\Users\DAM2Alu10\Documents\Acceso a datos\Workspace\AccesoDatos\TutorialObjectDB\db\empleados.odb' is closed by 5756@B02-PC09

------------------------------------------------------------------------------------------------------------------------

[2021-12-17 13:24:57 #1 store] 
Database 'C:\Users\DAM2Alu10\Documents\Acceso a datos\Workspace\AccesoDatos\TutorialObjectDB\db\empleados.odb' is opened by 1040@B02-PC09

[2021-12-17 13:24:57 #2 store] 
Configuration path: ?

[2021-12-17 13:24:57 #3 type] 
Type ejemplo1.DepartamentoEntity is not enhanced.

[2021-12-17 13:24:57 #4 type] 
Type ejemplo1.EmpleadoEntity is not enhanced.

------------------------------------------------------------------------------------------------------------------------

[2021-12-17 13:25:15 #1 store] 
Database 'C:\Users\DAM2Alu10\Documents\Acceso a datos\Workspace\AccesoDatos\TutorialObjectDB\db\empleados.odb' is opened by 9220@B02-PC09

[2021-12-17 13:25:15 #2 store] 
Configuration path: ?

[2021-12-17 13:25:15 #3 type] 
Type ejemplo1.DepartamentoEntity is not enhanced.

[2021-12-17 13:25:15 #4 type] 
Type ejemplo1.EmpleadoEntity is not enhanced.

------------------------------------------------------------------------------------------------------------------------

[2021-12-17 13:26:04 #1 store] 
Database 'C:\Users\DAM2Alu10\Documents\Acceso a datos\Workspace\AccesoDatos\TutorialObjectDB\db\empleados.odb' is opened by 8440@B02-PC09

[2021-12-17 13:26:04 #2 store] 
Configuration path: ?

[2021-12-17 13:26:04 #3 type] 
Type ejemplo1.DepartamentoEntity is not enhanced.

[2021-12-17 13:26:04 #4 type] 
Type ejemplo1.EmpleadoEntity is not enhanced.

[2021-12-17 13:26:04 #5 store] 
Database 'C:\Users\DAM2Alu10\Documents\Acceso a datos\Workspace\AccesoDatos\TutorialObjectDB\db\empleados.odb' is closed by 8440@B02-PC09

------------------------------------------------------------------------------------------------------------------------

[2021-12-17 13:26:19 #1 store] 
Database 'C:\Users\DAM2Alu10\Documents\Acceso a datos\Workspace\AccesoDatos\TutorialObjectDB\db\empleados.odb' is opened by 5132@B02-PC09

[2021-12-17 13:26:19 #2 store] 
Configuration path: ?

[2021-12-17 13:26:19 #3 type] 
Type ejemplo1.DepartamentoEntity is not enhanced.

[2021-12-17 13:26:19 #4 type] 
Type ejemplo1.EmpleadoEntity is not enhanced.

