------------------------------------------------------------------------------------------------------------------------

[2021-12-20 08:37:00 #1 store] 
Database 'C:\Users\DAM2Alu10\Documents\Acceso a datos\Workspace\AccesoDatos\TutorialObjectDB\db\empleados.odb' is opened by 412@B02-PC09

[2021-12-20 08:37:00 #2 store] 
Configuration path: ?

[2021-12-20 08:37:00 #3 type] 
Type ejemplo1.DepartamentoEntity is not enhanced.

[2021-12-20 08:37:00 #4 type] 
Type ejemplo1.EmpleadoEntity is not enhanced.

[2021-12-20 08:37:00 #5 store] 
Database 'C:\Users\DAM2Alu10\Documents\Acceso a datos\Workspace\AccesoDatos\TutorialObjectDB\db\empleados.odb' is closed by 412@B02-PC09

------------------------------------------------------------------------------------------------------------------------

[2021-12-20 08:41:26 #1 store] 
Database 'C:\Users\DAM2Alu10\Documents\Acceso a datos\Workspace\AccesoDatos\TutorialObjectDB\db\empleados.odb' is opened by 7156@B02-PC09

[2021-12-20 08:41:26 #2 store] 
Configuration path: ?

[2021-12-20 08:41:26 #3 type] 
Type ejemplo1.DepartamentoEntity is not enhanced.

[2021-12-20 08:41:26 #4 type] 
Type ejemplo1.EmpleadoEntity is not enhanced.

------------------------------------------------------------------------------------------------------------------------

[2021-12-20 08:42:04 #1 store] 
Database 'C:\Users\DAM2Alu10\Documents\Acceso a datos\Workspace\AccesoDatos\TutorialObjectDB\db\empleados.odb' is opened by 3248@B02-PC09

[2021-12-20 08:42:04 #2 store] 
Configuration path: ?

[2021-12-20 08:42:04 #3 type] 
Type ejemplo1.DepartamentoEntity is not enhanced.

[2021-12-20 08:42:04 #4 type] 
Type ejemplo1.EmpleadoEntity is not enhanced.

[2021-12-20 08:42:04 #5 store] 
Database 'C:\Users\DAM2Alu10\Documents\Acceso a datos\Workspace\AccesoDatos\TutorialObjectDB\db\empleados.odb' is closed by 3248@B02-PC09

------------------------------------------------------------------------------------------------------------------------

[2021-12-20 08:44:50 #1 store] 
Database 'C:\Users\DAM2Alu10\Documents\Acceso a datos\Workspace\AccesoDatos\TutorialObjectDB\db\empleados.odb' is opened by 11848@B02-PC09

[2021-12-20 08:44:50 #2 store] 
Configuration path: ?

[2021-12-20 08:44:50 #3 type] 
Type ejemplo1.DepartamentoEntity is not enhanced.

[2021-12-20 08:44:50 #4 type] 
Type ejemplo1.EmpleadoEntity is not enhanced.

------------------------------------------------------------------------------------------------------------------------

[2021-12-20 08:45:57 #1 store] 
Database 'C:\Users\DAM2Alu10\Documents\Acceso a datos\Workspace\AccesoDatos\TutorialObjectDB\db\empleados.odb' is opened by 11284@B02-PC09

[2021-12-20 08:45:57 #2 store] 
Configuration path: ?

[2021-12-20 08:45:57 #3 type] 
Type ejemplo1.DepartamentoEntity is not enhanced.

[2021-12-20 08:45:57 #4 type] 
Type ejemplo1.EmpleadoEntity is not enhanced.

[2021-12-20 08:45:57 #5 store] 
Database 'C:\Users\DAM2Alu10\Documents\Acceso a datos\Workspace\AccesoDatos\TutorialObjectDB\db\empleados.odb' is closed by 11284@B02-PC09

------------------------------------------------------------------------------------------------------------------------

[2021-12-20 08:52:36 #1 store] 
Database 'C:\Users\DAM2Alu10\Documents\Acceso a datos\Workspace\AccesoDatos\TutorialObjectDB\db\empleados.odb' is opened by 7316@B02-PC09

[2021-12-20 08:52:36 #2 store] 
Configuration path: ?

[2021-12-20 08:52:36 #3 type] 
Type ejemplo1.DepartamentoEntity is not enhanced.

[2021-12-20 08:52:36 #4 type] 
Type ejemplo1.EmpleadoEntity is not enhanced.

------------------------------------------------------------------------------------------------------------------------

[2021-12-20 08:52:52 #1 store] 
Database 'C:\Users\DAM2Alu10\Documents\Acceso a datos\Workspace\AccesoDatos\TutorialObjectDB\db\empleados.odb' is opened by 2544@B02-PC09

[2021-12-20 08:52:52 #2 store] 
Configuration path: ?

[2021-12-20 08:52:52 #3 type] 
Type ejemplo1.DepartamentoEntity is not enhanced.

[2021-12-20 08:52:52 #4 type] 
Type ejemplo1.EmpleadoEntity is not enhanced.

------------------------------------------------------------------------------------------------------------------------

[2021-12-20 08:53:15 #1 store] 
Database 'C:\Users\DAM2Alu10\Documents\Acceso a datos\Workspace\AccesoDatos\TutorialObjectDB\db\empleados.odb' is opened by 1536@B02-PC09

[2021-12-20 08:53:15 #2 store] 
Configuration path: ?

[2021-12-20 08:53:15 #3 type] 
Type ejemplo1.DepartamentoEntity is not enhanced.

[2021-12-20 08:53:15 #4 type] 
Type ejemplo1.EmpleadoEntity is not enhanced.

[2021-12-20 08:53:16 #5 store] 
Database 'C:\Users\DAM2Alu10\Documents\Acceso a datos\Workspace\AccesoDatos\TutorialObjectDB\db\empleados.odb' is closed by 1536@B02-PC09

------------------------------------------------------------------------------------------------------------------------

[2021-12-20 08:54:04 #1 store] 
Database 'C:\Users\DAM2Alu10\Documents\Acceso a datos\Workspace\AccesoDatos\TutorialObjectDB\db\empleados.odb' is opened by 9320@B02-PC09

[2021-12-20 08:54:04 #2 store] 
Configuration path: ?

[2021-12-20 08:54:04 #3 type] 
Type ejemplo1.DepartamentoEntity is not enhanced.

[2021-12-20 08:54:04 #4 type] 
Type ejemplo1.EmpleadoEntity is not enhanced.

[2021-12-20 08:54:05 #5 store] 
Database 'C:\Users\DAM2Alu10\Documents\Acceso a datos\Workspace\AccesoDatos\TutorialObjectDB\db\empleados.odb' is closed by 9320@B02-PC09

------------------------------------------------------------------------------------------------------------------------

[2021-12-20 08:56:40 #1 store] 
Database 'C:\Users\DAM2Alu10\Documents\Acceso a datos\Workspace\AccesoDatos\TutorialObjectDB\db\empleados.odb' is opened by 7756@B02-PC09

[2021-12-20 08:56:40 #2 store] 
Configuration path: ?

[2021-12-20 08:56:40 #3 type] 
Type ejemplo1.DepartamentoEntity is not enhanced.

[2021-12-20 08:56:40 #4 type] 
Type ejemplo1.EmpleadoEntity is not enhanced.

[2021-12-20 08:56:40 #5 store] 
Database 'C:\Users\DAM2Alu10\Documents\Acceso a datos\Workspace\AccesoDatos\TutorialObjectDB\db\empleados.odb' is closed by 7756@B02-PC09

------------------------------------------------------------------------------------------------------------------------

[2021-12-20 09:01:54 #1 store] 
Database 'C:\Users\DAM2Alu10\Documents\Acceso a datos\Workspace\AccesoDatos\TutorialObjectDB\db\empleados.odb' is opened by 5556@B02-PC09

[2021-12-20 09:01:54 #2 store] 
Configuration path: ?

[2021-12-20 09:01:54 #3 type] 
Type ejemplo1.DepartamentoEntity is not enhanced.

[2021-12-20 09:01:54 #4 type] 
Type ejemplo1.EmpleadoEntity is not enhanced.

------------------------------------------------------------------------------------------------------------------------

[2021-12-20 09:06:39 #1 store] 
Database 'C:\Users\DAM2Alu10\Documents\Acceso a datos\Workspace\AccesoDatos\TutorialObjectDB\db\empleados.odb' is opened by 6420@B02-PC09

[2021-12-20 09:06:39 #2 store] 
Configuration path: ?

[2021-12-20 09:06:39 #3 type] 
Type ejemplo1.DepartamentoEntity is not enhanced.

[2021-12-20 09:06:39 #4 type] 
Type ejemplo1.EmpleadoEntity is not enhanced.

[2021-12-20 09:06:39 #5 store] 
Database 'C:\Users\DAM2Alu10\Documents\Acceso a datos\Workspace\AccesoDatos\TutorialObjectDB\db\empleados.odb' is closed by 6420@B02-PC09

------------------------------------------------------------------------------------------------------------------------

[2021-12-20 09:06:57 #1 store] 
Database 'C:\Users\DAM2Alu10\Documents\Acceso a datos\Workspace\AccesoDatos\TutorialObjectDB\db\empleados.odb' is opened by 4900@B02-PC09

[2021-12-20 09:06:57 #2 store] 
Configuration path: ?

[2021-12-20 09:06:57 #3 type] 
Type ejemplo1.DepartamentoEntity is not enhanced.

[2021-12-20 09:06:57 #4 type] 
Type ejemplo1.EmpleadoEntity is not enhanced.

[2021-12-20 09:06:57 #5 store] 
Database 'C:\Users\DAM2Alu10\Documents\Acceso a datos\Workspace\AccesoDatos\TutorialObjectDB\db\empleados.odb' is closed by 4900@B02-PC09

------------------------------------------------------------------------------------------------------------------------

[2021-12-20 09:12:18 #1 store] 
Database 'C:\Users\DAM2Alu10\Documents\Acceso a datos\Workspace\AccesoDatos\TutorialObjectDB\db\empleados.odb' is opened by 10536@B02-PC09

[2021-12-20 09:12:18 #2 store] 
Configuration path: ?

[2021-12-20 09:12:18 #3 type] 
Type ejemplo1.DepartamentoEntity is not enhanced.

[2021-12-20 09:12:18 #4 type] 
Type ejemplo1.EmpleadoEntity is not enhanced.

[2021-12-20 09:12:18 #5 store] 
Database 'C:\Users\DAM2Alu10\Documents\Acceso a datos\Workspace\AccesoDatos\TutorialObjectDB\db\empleados.odb' is closed by 10536@B02-PC09

------------------------------------------------------------------------------------------------------------------------

[2021-12-20 09:13:04 #1 store] 
Database 'C:\Users\DAM2Alu10\Documents\Acceso a datos\Workspace\AccesoDatos\TutorialObjectDB\db\empleados.odb' is opened by 4644@B02-PC09

[2021-12-20 09:13:04 #2 store] 
Configuration path: ?

[2021-12-20 09:13:04 #3 type] 
Type ejemplo1.DepartamentoEntity is not enhanced.

[2021-12-20 09:13:04 #4 type] 
Type ejemplo1.EmpleadoEntity is not enhanced.

[2021-12-20 09:13:04 #5 store] 
Database 'C:\Users\DAM2Alu10\Documents\Acceso a datos\Workspace\AccesoDatos\TutorialObjectDB\db\empleados.odb' is closed by 4644@B02-PC09

------------------------------------------------------------------------------------------------------------------------

[2021-12-20 09:15:17 #1 store] 
Database 'C:\Users\DAM2Alu10\Documents\Acceso a datos\Workspace\AccesoDatos\TutorialObjectDB\db\empleados.odb' is opened by 9516@B02-PC09

[2021-12-20 09:15:17 #2 store] 
Configuration path: ?

[2021-12-20 09:15:17 #3 type] 
Type ejemplo1.DepartamentoEntity is not enhanced.

[2021-12-20 09:15:17 #4 type] 
Type ejemplo1.EmpleadoEntity is not enhanced.

[2021-12-20 09:15:17 #5 query] 
Error during query execution: UPDATE EmpleadoEntity e SET e.salario = e.salario + :num WHERE e.departamento.dptoId = :dep({num->200,dep->20})

[2021-12-20 09:15:17 #6 *] 
[ObjectDB 2.8.6] Unexpected exception (Error 990)
  Generated by Java HotSpot(TM) 64-Bit Server VM 1.8.0_301 (on Windows 10 10.0).
Please report this error on http://www.objectdb.com/issue/new
com.objectdb.o.InternalException: null
com.objectdb.o.InternalException
	at com.objectdb.o.InternalException.f(InternalException.java:235)
	at com.objectdb.o.QRC.i(QRC.java:294)
	at com.objectdb.o.QRC.j(QRC.java:197)
	at com.objectdb.o.QRM.Zq(QRM.java:273)
	at com.objectdb.o.MST.Zq(MST.java:1019)
	at com.objectdb.o.WRA.Zq(WRA.java:313)
	at com.objectdb.o.WSM.Zq(WSM.java:117)
	at com.objectdb.o.QRR.k(QRR.java:260)
	at com.objectdb.o.QRR.i(QRR.java:154)
	at com.objectdb.jpa.JpaQuery.executeUpdate(JpaQuery.java:791)
	at ejemplo1.AccesoBdatos.incrementarSalarioDepatamento(AccesoBdatos.java:270)
	at ejemplo1.Main2.main(Main2.java:40)

[2021-12-20 09:15:17 #7 store] 
Database 'C:\Users\DAM2Alu10\Documents\Acceso a datos\Workspace\AccesoDatos\TutorialObjectDB\db\empleados.odb' is closed by 9516@B02-PC09

------------------------------------------------------------------------------------------------------------------------

[2021-12-20 09:17:14 #1 store] 
Database 'C:\Users\DAM2Alu10\Documents\Acceso a datos\Workspace\AccesoDatos\TutorialObjectDB\db\empleados.odb' is opened by 12176@B02-PC09

[2021-12-20 09:17:14 #2 store] 
Configuration path: ?

[2021-12-20 09:17:14 #3 type] 
Type ejemplo1.DepartamentoEntity is not enhanced.

[2021-12-20 09:17:14 #4 type] 
Type ejemplo1.EmpleadoEntity is not enhanced.

[2021-12-20 09:17:14 #5 query] 
Error during query execution: UPDATE EmpleadoEntity e SET e.salario = e.salario + :num WHERE e.departamento.dptoId = :dep({num->200,dep->10})

[2021-12-20 09:17:14 #6 *] 
[ObjectDB 2.8.6] Unexpected exception (Error 990)
  Generated by Java HotSpot(TM) 64-Bit Server VM 1.8.0_301 (on Windows 10 10.0).
Please report this error on http://www.objectdb.com/issue/new
com.objectdb.o.InternalException: null
com.objectdb.o.InternalException
	at com.objectdb.o.InternalException.f(InternalException.java:235)
	at com.objectdb.o.QRC.i(QRC.java:294)
	at com.objectdb.o.QRC.j(QRC.java:197)
	at com.objectdb.o.QRM.Zq(QRM.java:273)
	at com.objectdb.o.MST.Zq(MST.java:1019)
	at com.objectdb.o.WRA.Zq(WRA.java:313)
	at com.objectdb.o.WSM.Zq(WSM.java:117)
	at com.objectdb.o.QRR.k(QRR.java:260)
	at com.objectdb.o.QRR.i(QRR.java:154)
	at com.objectdb.jpa.JpaQuery.executeUpdate(JpaQuery.java:791)
	at ejemplo1.AccesoBdatos.incrementarSalarioDepatamento(AccesoBdatos.java:270)
	at ejemplo1.Main2.main(Main2.java:40)

[2021-12-20 09:17:14 #7 store] 
Database 'C:\Users\DAM2Alu10\Documents\Acceso a datos\Workspace\AccesoDatos\TutorialObjectDB\db\empleados.odb' is closed by 12176@B02-PC09

------------------------------------------------------------------------------------------------------------------------

[2021-12-20 09:18:22 #1 store] 
Database 'C:\Users\DAM2Alu10\Documents\Acceso a datos\Workspace\AccesoDatos\TutorialObjectDB\db\empleados.odb' is opened by 2028@B02-PC09

[2021-12-20 09:18:22 #2 store] 
Configuration path: ?

[2021-12-20 09:18:22 #3 type] 
Type ejemplo1.DepartamentoEntity is not enhanced.

[2021-12-20 09:18:22 #4 type] 
Type ejemplo1.EmpleadoEntity is not enhanced.

[2021-12-20 09:18:22 #5 query] 
Error during query execution: UPDATE EmpleadoEntity e SET e.salario = e.salario + :num WHERE e.departamento.dptoId = :dep({num->200,dep->30})

[2021-12-20 09:18:22 #6 *] 
[ObjectDB 2.8.6] Unexpected exception (Error 990)
  Generated by Java HotSpot(TM) 64-Bit Server VM 1.8.0_301 (on Windows 10 10.0).
Please report this error on http://www.objectdb.com/issue/new
com.objectdb.o.InternalException: null
com.objectdb.o.InternalException
	at com.objectdb.o.InternalException.f(InternalException.java:235)
	at com.objectdb.o.QRC.i(QRC.java:294)
	at com.objectdb.o.QRC.j(QRC.java:197)
	at com.objectdb.o.QRM.Zq(QRM.java:273)
	at com.objectdb.o.MST.Zq(MST.java:1019)
	at com.objectdb.o.WRA.Zq(WRA.java:313)
	at com.objectdb.o.WSM.Zq(WSM.java:117)
	at com.objectdb.o.QRR.k(QRR.java:260)
	at com.objectdb.o.QRR.i(QRR.java:154)
	at com.objectdb.jpa.JpaQuery.executeUpdate(JpaQuery.java:791)
	at ejemplo1.AccesoBdatos.incrementarSalarioDepatamento(AccesoBdatos.java:270)
	at ejemplo1.Main2.main(Main2.java:40)

[2021-12-20 09:18:22 #7 store] 
Database 'C:\Users\DAM2Alu10\Documents\Acceso a datos\Workspace\AccesoDatos\TutorialObjectDB\db\empleados.odb' is closed by 2028@B02-PC09

------------------------------------------------------------------------------------------------------------------------

[2021-12-20 09:18:28 #1 store] 
Database 'C:\Users\DAM2Alu10\Documents\Acceso a datos\Workspace\AccesoDatos\TutorialObjectDB\db\empleados.odb' is opened by 12100@B02-PC09

[2021-12-20 09:18:28 #2 store] 
Configuration path: ?

[2021-12-20 09:18:28 #3 type] 
Type ejemplo1.DepartamentoEntity is not enhanced.

[2021-12-20 09:18:28 #4 type] 
Type ejemplo1.EmpleadoEntity is not enhanced.

[2021-12-20 09:18:28 #5 query] 
Error during query execution: UPDATE EmpleadoEntity e SET e.salario = e.salario + :num WHERE e.departamento.dptoId = :dep({num->200,dep->20})

[2021-12-20 09:18:28 #6 *] 
[ObjectDB 2.8.6] Unexpected exception (Error 990)
  Generated by Java HotSpot(TM) 64-Bit Server VM 1.8.0_301 (on Windows 10 10.0).
Please report this error on http://www.objectdb.com/issue/new
com.objectdb.o.InternalException: null
com.objectdb.o.InternalException
	at com.objectdb.o.InternalException.f(InternalException.java:235)
	at com.objectdb.o.QRC.i(QRC.java:294)
	at com.objectdb.o.QRC.j(QRC.java:197)
	at com.objectdb.o.QRM.Zq(QRM.java:273)
	at com.objectdb.o.MST.Zq(MST.java:1019)
	at com.objectdb.o.WRA.Zq(WRA.java:313)
	at com.objectdb.o.WSM.Zq(WSM.java:117)
	at com.objectdb.o.QRR.k(QRR.java:260)
	at com.objectdb.o.QRR.i(QRR.java:154)
	at com.objectdb.jpa.JpaQuery.executeUpdate(JpaQuery.java:791)
	at ejemplo1.AccesoBdatos.incrementarSalarioDepatamento(AccesoBdatos.java:270)
	at ejemplo1.Main2.main(Main2.java:40)

[2021-12-20 09:18:28 #7 store] 
Database 'C:\Users\DAM2Alu10\Documents\Acceso a datos\Workspace\AccesoDatos\TutorialObjectDB\db\empleados.odb' is closed by 12100@B02-PC09

------------------------------------------------------------------------------------------------------------------------

[2021-12-20 09:18:46 #1 store] 
Database 'C:\Users\DAM2Alu10\Documents\Acceso a datos\Workspace\AccesoDatos\TutorialObjectDB\db\empleados.odb' is opened by 7316@B02-PC09

[2021-12-20 09:18:46 #2 store] 
Configuration path: ?

[2021-12-20 09:18:46 #3 type] 
Type ejemplo1.DepartamentoEntity is not enhanced.

[2021-12-20 09:18:46 #4 type] 
Type ejemplo1.EmpleadoEntity is not enhanced.

[2021-12-20 09:18:46 #5 query] 
Error during query execution: UPDATE EmpleadoEntity e SET e.salario = e.salario + :num WHERE e.departamento.dptoId = :dep({num->200,dep->20})

[2021-12-20 09:18:46 #6 *] 
[ObjectDB 2.8.6] Unexpected exception (Error 990)
  Generated by Java HotSpot(TM) 64-Bit Server VM 1.8.0_301 (on Windows 10 10.0).
Please report this error on http://www.objectdb.com/issue/new
com.objectdb.o.InternalException: null
com.objectdb.o.InternalException
	at com.objectdb.o.InternalException.f(InternalException.java:235)
	at com.objectdb.o.QRC.i(QRC.java:294)
	at com.objectdb.o.QRC.j(QRC.java:197)
	at com.objectdb.o.QRM.Zq(QRM.java:273)
	at com.objectdb.o.MST.Zq(MST.java:1019)
	at com.objectdb.o.WRA.Zq(WRA.java:313)
	at com.objectdb.o.WSM.Zq(WSM.java:117)
	at com.objectdb.o.QRR.k(QRR.java:260)
	at com.objectdb.o.QRR.i(QRR.java:154)
	at com.objectdb.jpa.JpaQuery.executeUpdate(JpaQuery.java:791)
	at ejemplo1.AccesoBdatos.incrementarSalarioDepatamento(AccesoBdatos.java:270)
	at ejemplo1.Main2.main(Main2.java:40)

[2021-12-20 09:18:46 #7 store] 
Database 'C:\Users\DAM2Alu10\Documents\Acceso a datos\Workspace\AccesoDatos\TutorialObjectDB\db\empleados.odb' is closed by 7316@B02-PC09

------------------------------------------------------------------------------------------------------------------------

[2021-12-20 09:18:49 #1 store] 
Database 'C:\Users\DAM2Alu10\Documents\Acceso a datos\Workspace\AccesoDatos\TutorialObjectDB\db\empleados.odb' is opened by 11020@B02-PC09

[2021-12-20 09:18:49 #2 store] 
Configuration path: ?

[2021-12-20 09:18:49 #3 type] 
Type ejemplo1.DepartamentoEntity is not enhanced.

[2021-12-20 09:18:49 #4 type] 
Type ejemplo1.EmpleadoEntity is not enhanced.

[2021-12-20 09:18:49 #5 query] 
Error during query execution: UPDATE EmpleadoEntity e SET e.salario = e.salario + :num WHERE e.departamento.dptoId = :dep({num->200,dep->20})

[2021-12-20 09:18:49 #6 *] 
[ObjectDB 2.8.6] Unexpected exception (Error 990)
  Generated by Java HotSpot(TM) 64-Bit Server VM 1.8.0_301 (on Windows 10 10.0).
Please report this error on http://www.objectdb.com/issue/new
com.objectdb.o.InternalException: null
com.objectdb.o.InternalException
	at com.objectdb.o.InternalException.f(InternalException.java:235)
	at com.objectdb.o.QRC.i(QRC.java:294)
	at com.objectdb.o.QRC.j(QRC.java:197)
	at com.objectdb.o.QRM.Zq(QRM.java:273)
	at com.objectdb.o.MST.Zq(MST.java:1019)
	at com.objectdb.o.WRA.Zq(WRA.java:313)
	at com.objectdb.o.WSM.Zq(WSM.java:117)
	at com.objectdb.o.QRR.k(QRR.java:260)
	at com.objectdb.o.QRR.i(QRR.java:154)
	at com.objectdb.jpa.JpaQuery.executeUpdate(JpaQuery.java:791)
	at ejemplo1.AccesoBdatos.incrementarSalarioDepatamento(AccesoBdatos.java:270)
	at ejemplo1.Main2.main(Main2.java:40)

[2021-12-20 09:18:49 #7 store] 
Database 'C:\Users\DAM2Alu10\Documents\Acceso a datos\Workspace\AccesoDatos\TutorialObjectDB\db\empleados.odb' is closed by 11020@B02-PC09

------------------------------------------------------------------------------------------------------------------------

[2021-12-20 09:19:02 #1 store] 
Database 'C:\Users\DAM2Alu10\Documents\Acceso a datos\Workspace\AccesoDatos\TutorialObjectDB\db\empleados.odb' is opened by 5968@B02-PC09

[2021-12-20 09:19:02 #2 store] 
Configuration path: ?

[2021-12-20 09:19:02 #3 type] 
Type ejemplo1.DepartamentoEntity is not enhanced.

[2021-12-20 09:19:02 #4 type] 
Type ejemplo1.EmpleadoEntity is not enhanced.

[2021-12-20 09:19:02 #5 query] 
Error during query execution: UPDATE EmpleadoEntity e SET e.salario = e.salario + :num WHERE e.departamento.dptoId = :dep({num->200,dep->20})

[2021-12-20 09:19:02 #6 *] 
[ObjectDB 2.8.6] Unexpected exception (Error 990)
  Generated by Java HotSpot(TM) 64-Bit Server VM 1.8.0_301 (on Windows 10 10.0).
Please report this error on http://www.objectdb.com/issue/new
com.objectdb.o.InternalException: null
com.objectdb.o.InternalException
	at com.objectdb.o.InternalException.f(InternalException.java:235)
	at com.objectdb.o.QRC.i(QRC.java:294)
	at com.objectdb.o.QRC.j(QRC.java:197)
	at com.objectdb.o.QRM.Zq(QRM.java:273)
	at com.objectdb.o.MST.Zq(MST.java:1019)
	at com.objectdb.o.WRA.Zq(WRA.java:313)
	at com.objectdb.o.WSM.Zq(WSM.java:117)
	at com.objectdb.o.QRR.k(QRR.java:260)
	at com.objectdb.o.QRR.i(QRR.java:154)
	at com.objectdb.jpa.JpaQuery.executeUpdate(JpaQuery.java:791)
	at ejemplo1.AccesoBdatos.incrementarSalarioDepatamento(AccesoBdatos.java:270)
	at ejemplo1.Main2.main(Main2.java:40)

[2021-12-20 09:19:02 #7 store] 
Database 'C:\Users\DAM2Alu10\Documents\Acceso a datos\Workspace\AccesoDatos\TutorialObjectDB\db\empleados.odb' is closed by 5968@B02-PC09

------------------------------------------------------------------------------------------------------------------------

[2021-12-20 09:19:20 #1 store] 
Database 'C:\Users\DAM2Alu10\Documents\Acceso a datos\Workspace\AccesoDatos\TutorialObjectDB\db\empleados.odb' is opened by 7424@B02-PC09

[2021-12-20 09:19:20 #2 store] 
Configuration path: ?

[2021-12-20 09:19:20 #3 type] 
Type ejemplo1.DepartamentoEntity is not enhanced.

[2021-12-20 09:19:20 #4 type] 
Type ejemplo1.EmpleadoEntity is not enhanced.

[2021-12-20 09:19:20 #5 query] 
Error during query execution: UPDATE EmpleadoEntity e SET e.salario = e.salario + :num WHERE e.departamento.dptoId = :dep({num->200,dep->20})

[2021-12-20 09:19:20 #6 *] 
[ObjectDB 2.8.6] Unexpected exception (Error 990)
  Generated by Java HotSpot(TM) 64-Bit Server VM 1.8.0_301 (on Windows 10 10.0).
Please report this error on http://www.objectdb.com/issue/new
com.objectdb.o.InternalException: null
com.objectdb.o.InternalException
	at com.objectdb.o.InternalException.f(InternalException.java:235)
	at com.objectdb.o.QRC.i(QRC.java:294)
	at com.objectdb.o.QRC.j(QRC.java:197)
	at com.objectdb.o.QRM.Zq(QRM.java:273)
	at com.objectdb.o.MST.Zq(MST.java:1019)
	at com.objectdb.o.WRA.Zq(WRA.java:313)
	at com.objectdb.o.WSM.Zq(WSM.java:117)
	at com.objectdb.o.QRR.k(QRR.java:260)
	at com.objectdb.o.QRR.i(QRR.java:154)
	at com.objectdb.jpa.JpaQuery.executeUpdate(JpaQuery.java:791)
	at ejemplo1.AccesoBdatos.incrementarSalarioDepatamento(AccesoBdatos.java:270)
	at ejemplo1.Main2.main(Main2.java:40)

[2021-12-20 09:19:20 #7 store] 
Database 'C:\Users\DAM2Alu10\Documents\Acceso a datos\Workspace\AccesoDatos\TutorialObjectDB\db\empleados.odb' is closed by 7424@B02-PC09

------------------------------------------------------------------------------------------------------------------------

[2021-12-20 09:20:07 #1 store] 
Database 'C:\Users\DAM2Alu10\Documents\Acceso a datos\Workspace\AccesoDatos\TutorialObjectDB\db\empleados.odb' is opened by 8288@B02-PC09

[2021-12-20 09:20:07 #2 store] 
Configuration path: ?

[2021-12-20 09:20:07 #3 type] 
Type ejemplo1.DepartamentoEntity is not enhanced.

[2021-12-20 09:20:07 #4 type] 
Type ejemplo1.EmpleadoEntity is not enhanced.

[2021-12-20 09:20:22 #5 query] 
Error during query execution: UPDATE EmpleadoEntity e SET e.salario = e.salario + :num WHERE e.departamento.dptoId = :dep({num->200,dep->20})

[2021-12-20 09:20:22 #6 *] 
[ObjectDB 2.8.6] Unexpected exception (Error 990)
  Generated by Java HotSpot(TM) 64-Bit Server VM 1.8.0_301 (on Windows 10 10.0).
Please report this error on http://www.objectdb.com/issue/new
com.objectdb.o.InternalException: null
com.objectdb.o.InternalException
	at com.objectdb.o.InternalException.f(InternalException.java:235)
	at com.objectdb.o.QRC.i(QRC.java:294)
	at com.objectdb.o.QRC.j(QRC.java:197)
	at com.objectdb.o.QRM.Zq(QRM.java:273)
	at com.objectdb.o.MST.Zq(MST.java:1019)
	at com.objectdb.o.WRA.Zq(WRA.java:313)
	at com.objectdb.o.WSM.Zq(WSM.java:117)
	at com.objectdb.o.QRR.k(QRR.java:260)
	at com.objectdb.o.QRR.i(QRR.java:154)
	at com.objectdb.jpa.JpaQuery.executeUpdate(JpaQuery.java:791)
	at ejemplo1.AccesoBdatos.incrementarSalarioDepatamento(AccesoBdatos.java:270)
	at ejemplo1.Main2.main(Main2.java:40)

[2021-12-20 09:21:16 #7 store] 
Database 'C:\Users\DAM2Alu10\Documents\Acceso a datos\Workspace\AccesoDatos\TutorialObjectDB\db\empleados.odb' is closed by 8288@B02-PC09

------------------------------------------------------------------------------------------------------------------------

[2021-12-20 09:21:24 #1 store] 
Database 'C:\Users\DAM2Alu10\Documents\Acceso a datos\Workspace\AccesoDatos\TutorialObjectDB\db\empleados.odb' is opened by 3572@B02-PC09

[2021-12-20 09:21:24 #2 store] 
Configuration path: ?

[2021-12-20 09:21:24 #3 type] 
Type ejemplo1.DepartamentoEntity is not enhanced.

[2021-12-20 09:21:24 #4 type] 
Type ejemplo1.EmpleadoEntity is not enhanced.

[2021-12-20 09:21:44 #5 query] 
Error during query execution: UPDATE EmpleadoEntity e SET e.salario = e.salario + :num WHERE e.departamento.dptoId = :dep({num->200,dep->20})

[2021-12-20 09:21:44 #6 *] 
[ObjectDB 2.8.6] Unexpected exception (Error 990)
  Generated by Java HotSpot(TM) 64-Bit Server VM 1.8.0_301 (on Windows 10 10.0).
Please report this error on http://www.objectdb.com/issue/new
com.objectdb.o.InternalException: null
com.objectdb.o.InternalException
	at com.objectdb.o.InternalException.f(InternalException.java:235)
	at com.objectdb.o.QRC.i(QRC.java:294)
	at com.objectdb.o.QRC.j(QRC.java:197)
	at com.objectdb.o.QRM.Zq(QRM.java:273)
	at com.objectdb.o.MST.Zq(MST.java:1019)
	at com.objectdb.o.WRA.Zq(WRA.java:313)
	at com.objectdb.o.WSM.Zq(WSM.java:117)
	at com.objectdb.o.QRR.k(QRR.java:260)
	at com.objectdb.o.QRR.i(QRR.java:154)
	at com.objectdb.jpa.JpaQuery.executeUpdate(JpaQuery.java:791)
	at ejemplo1.AccesoBdatos.incrementarSalarioDepatamento(AccesoBdatos.java:270)
	at ejemplo1.Main2.main(Main2.java:40)

------------------------------------------------------------------------------------------------------------------------

[2021-12-20 09:21:58 #1 store] 
Database 'C:\Users\DAM2Alu10\Documents\Acceso a datos\Workspace\AccesoDatos\TutorialObjectDB\db\empleados.odb' is opened by 4580@B02-PC09

[2021-12-20 09:21:58 #2 store] 
Configuration path: ?

[2021-12-20 09:21:58 #3 type] 
Type ejemplo1.DepartamentoEntity is not enhanced.

[2021-12-20 09:21:58 #4 type] 
Type ejemplo1.EmpleadoEntity is not enhanced.

[2021-12-20 09:21:58 #5 query] 
Error during query execution: UPDATE EmpleadoEntity e SET e.salario = e.salario + :num WHERE e.departamento.dptoId = :dep({num->200,dep->20})

[2021-12-20 09:21:58 #6 *] 
[ObjectDB 2.8.6] Unexpected exception (Error 990)
  Generated by Java HotSpot(TM) 64-Bit Server VM 1.8.0_301 (on Windows 10 10.0).
Please report this error on http://www.objectdb.com/issue/new
com.objectdb.o.InternalException: null
com.objectdb.o.InternalException
	at com.objectdb.o.InternalException.f(InternalException.java:235)
	at com.objectdb.o.QRC.i(QRC.java:294)
	at com.objectdb.o.QRC.j(QRC.java:197)
	at com.objectdb.o.QRM.Zq(QRM.java:273)
	at com.objectdb.o.MST.Zq(MST.java:1019)
	at com.objectdb.o.WRA.Zq(WRA.java:313)
	at com.objectdb.o.WSM.Zq(WSM.java:117)
	at com.objectdb.o.QRR.k(QRR.java:260)
	at com.objectdb.o.QRR.i(QRR.java:154)
	at com.objectdb.jpa.JpaQuery.executeUpdate(JpaQuery.java:791)
	at ejemplo1.AccesoBdatos.incrementarSalarioDepatamento(AccesoBdatos.java:269)
	at ejemplo1.Main2.main(Main2.java:40)

[2021-12-20 09:21:58 #7 store] 
Database 'C:\Users\DAM2Alu10\Documents\Acceso a datos\Workspace\AccesoDatos\TutorialObjectDB\db\empleados.odb' is closed by 4580@B02-PC09

------------------------------------------------------------------------------------------------------------------------

[2021-12-20 09:22:59 #1 store] 
Database 'C:\Users\DAM2Alu10\Documents\Acceso a datos\Workspace\AccesoDatos\TutorialObjectDB\db\empleados.odb' is opened by 9012@B02-PC09

[2021-12-20 09:22:59 #2 store] 
Configuration path: ?

[2021-12-20 09:22:59 #3 type] 
Type ejemplo1.DepartamentoEntity is not enhanced.

[2021-12-20 09:22:59 #4 type] 
Type ejemplo1.EmpleadoEntity is not enhanced.

[2021-12-20 09:23:02 #5 query] 
Error during query execution: UPDATE EmpleadoEntity e SET e.salario = e.salario + :num WHERE e.departamento.dptoId = :dep({num->200,dep->20})

[2021-12-20 09:23:02 #6 *] 
[ObjectDB 2.8.6] Unexpected exception (Error 990)
  Generated by Java HotSpot(TM) 64-Bit Server VM 1.8.0_301 (on Windows 10 10.0).
Please report this error on http://www.objectdb.com/issue/new
com.objectdb.o.InternalException: null
com.objectdb.o.InternalException
	at com.objectdb.o.InternalException.f(InternalException.java:235)
	at com.objectdb.o.QRC.i(QRC.java:294)
	at com.objectdb.o.QRC.j(QRC.java:197)
	at com.objectdb.o.QRM.Zq(QRM.java:273)
	at com.objectdb.o.MST.Zq(MST.java:1019)
	at com.objectdb.o.WRA.Zq(WRA.java:313)
	at com.objectdb.o.WSM.Zq(WSM.java:117)
	at com.objectdb.o.QRR.k(QRR.java:260)
	at com.objectdb.o.QRR.i(QRR.java:154)
	at com.objectdb.jpa.JpaQuery.executeUpdate(JpaQuery.java:791)
	at ejemplo1.AccesoBdatos.incrementarSalarioDepatamento(AccesoBdatos.java:269)
	at ejemplo1.Main2.main(Main2.java:40)

------------------------------------------------------------------------------------------------------------------------

[2021-12-20 09:35:40 #1 store] 
Database 'C:\Users\DAM2Alu10\Documents\Acceso a datos\Workspace\AccesoDatos\TutorialObjectDB\db\empleados.odb' is opened by 11928@B02-PC09

[2021-12-20 09:35:40 #2 store] 
Configuration path: ?

[2021-12-20 09:35:40 #3 type] 
Type ejemplo1.DepartamentoEntity is not enhanced.

[2021-12-20 09:35:40 #4 type] 
Type ejemplo1.EmpleadoEntity is not enhanced.

[2021-12-20 09:35:40 #5 query] 
Error during query execution: UPDATE EmpleadoEntity e SET e.salario = e.salario + :num WHERE e.departamento.dptoId = :dep({num->200,dep->20})

[2021-12-20 09:35:40 #6 *] 
[ObjectDB 2.8.6] Unexpected exception (Error 990)
  Generated by Java HotSpot(TM) 64-Bit Server VM 1.8.0_301 (on Windows 10 10.0).
Please report this error on http://www.objectdb.com/issue/new
com.objectdb.o.InternalException: null
com.objectdb.o.InternalException
	at com.objectdb.o.InternalException.f(InternalException.java:235)
	at com.objectdb.o.QRC.i(QRC.java:294)
	at com.objectdb.o.QRC.j(QRC.java:197)
	at com.objectdb.o.QRM.Zq(QRM.java:273)
	at com.objectdb.o.MST.Zq(MST.java:1019)
	at com.objectdb.o.WRA.Zq(WRA.java:313)
	at com.objectdb.o.WSM.Zq(WSM.java:117)
	at com.objectdb.o.QRR.k(QRR.java:260)
	at com.objectdb.o.QRR.i(QRR.java:154)
	at com.objectdb.jpa.JpaQuery.executeUpdate(JpaQuery.java:791)
	at ejemplo1.AccesoBdatos.incrementarSalarioDepatamento(AccesoBdatos.java:269)
	at ejemplo1.Main2.main(Main2.java:40)

[2021-12-20 09:35:40 #7 store] 
Database 'C:\Users\DAM2Alu10\Documents\Acceso a datos\Workspace\AccesoDatos\TutorialObjectDB\db\empleados.odb' is closed by 11928@B02-PC09

------------------------------------------------------------------------------------------------------------------------

[2021-12-20 09:35:56 #1 store] 
Database 'C:\Users\DAM2Alu10\Documents\Acceso a datos\Workspace\AccesoDatos\TutorialObjectDB\db\empleados.odb' is opened by 6128@B02-PC09

[2021-12-20 09:35:56 #2 store] 
Configuration path: ?

[2021-12-20 09:35:56 #3 type] 
Type ejemplo1.DepartamentoEntity is not enhanced.

[2021-12-20 09:35:56 #4 type] 
Type ejemplo1.EmpleadoEntity is not enhanced.

[2021-12-20 09:35:56 #5 query] 
Error during query execution: UPDATE EmpleadoEntity e SET e.salario = e.salario + :num WHERE e.departamento.dptoId = :dep({num->200,dep->20})

[2021-12-20 09:35:56 #6 *] 
[ObjectDB 2.8.6] Unexpected exception (Error 990)
  Generated by Java HotSpot(TM) 64-Bit Server VM 1.8.0_301 (on Windows 10 10.0).
Please report this error on http://www.objectdb.com/issue/new
com.objectdb.o.InternalException: null
com.objectdb.o.InternalException
	at com.objectdb.o.InternalException.f(InternalException.java:235)
	at com.objectdb.o.QRC.i(QRC.java:294)
	at com.objectdb.o.QRC.j(QRC.java:197)
	at com.objectdb.o.QRM.Zq(QRM.java:273)
	at com.objectdb.o.MST.Zq(MST.java:1019)
	at com.objectdb.o.WRA.Zq(WRA.java:313)
	at com.objectdb.o.WSM.Zq(WSM.java:117)
	at com.objectdb.o.QRR.k(QRR.java:260)
	at com.objectdb.o.QRR.i(QRR.java:154)
	at com.objectdb.jpa.JpaQuery.executeUpdate(JpaQuery.java:791)
	at ejemplo1.AccesoBdatos.incrementarSalarioDepatamento(AccesoBdatos.java:269)
	at ejemplo1.Main2.main(Main2.java:40)

[2021-12-20 09:35:56 #7 store] 
Database 'C:\Users\DAM2Alu10\Documents\Acceso a datos\Workspace\AccesoDatos\TutorialObjectDB\db\empleados.odb' is closed by 6128@B02-PC09

------------------------------------------------------------------------------------------------------------------------

[2021-12-20 09:37:34 #1 store] 
Database 'C:\Users\DAM2Alu10\Documents\Acceso a datos\Workspace\AccesoDatos\TutorialObjectDB\db\empleados.odb' is opened by 7116@B02-PC09

[2021-12-20 09:37:34 #2 store] 
Configuration path: ?

[2021-12-20 09:37:34 #3 type] 
Type ejemplo1.DepartamentoEntity is not enhanced.

[2021-12-20 09:37:34 #4 type] 
Type ejemplo1.EmpleadoEntity is not enhanced.

[2021-12-20 09:37:34 #5 query] 
Error during query execution: UPDATE EmpleadoEntity e SET e.salario = e.salario + :num WHERE e.departamento.dptoId = 30({num->200})

[2021-12-20 09:37:34 #6 *] 
[ObjectDB 2.8.6] Unexpected exception (Error 990)
  Generated by Java HotSpot(TM) 64-Bit Server VM 1.8.0_301 (on Windows 10 10.0).
Please report this error on http://www.objectdb.com/issue/new
com.objectdb.o.InternalException: null
com.objectdb.o.InternalException
	at com.objectdb.o.InternalException.f(InternalException.java:235)
	at com.objectdb.o.QRC.i(QRC.java:294)
	at com.objectdb.o.QRC.j(QRC.java:197)
	at com.objectdb.o.QRM.Zq(QRM.java:273)
	at com.objectdb.o.MST.Zq(MST.java:1019)
	at com.objectdb.o.WRA.Zq(WRA.java:313)
	at com.objectdb.o.WSM.Zq(WSM.java:117)
	at com.objectdb.o.QRR.k(QRR.java:260)
	at com.objectdb.o.QRR.i(QRR.java:154)
	at com.objectdb.jpa.JpaQuery.executeUpdate(JpaQuery.java:791)
	at ejemplo1.AccesoBdatos.incrementarSalarioDepatamento(AccesoBdatos.java:269)
	at ejemplo1.Main2.main(Main2.java:40)

[2021-12-20 09:37:34 #7 store] 
Database 'C:\Users\DAM2Alu10\Documents\Acceso a datos\Workspace\AccesoDatos\TutorialObjectDB\db\empleados.odb' is closed by 7116@B02-PC09

------------------------------------------------------------------------------------------------------------------------

[2021-12-20 09:39:59 #1 store] 
Database 'C:\Users\DAM2Alu10\Documents\Acceso a datos\Workspace\AccesoDatos\TutorialObjectDB\db\empleados.odb' is opened by 10932@B02-PC09

[2021-12-20 09:39:59 #2 store] 
Configuration path: ?

[2021-12-20 09:39:59 #3 type] 
Type ejemplo1.DepartamentoEntity is not enhanced.

[2021-12-20 09:39:59 #4 type] 
Type ejemplo1.EmpleadoEntity is not enhanced.

[2021-12-20 09:40:00 #5 store] 
Database 'C:\Users\DAM2Alu10\Documents\Acceso a datos\Workspace\AccesoDatos\TutorialObjectDB\db\empleados.odb' is closed by 10932@B02-PC09

------------------------------------------------------------------------------------------------------------------------

[2021-12-20 09:45:59 #1 store] 
Database 'C:\Users\DAM2Alu10\Documents\Acceso a datos\Workspace\AccesoDatos\TutorialObjectDB\db\empleados.odb' is opened by 9400@B02-PC09

[2021-12-20 09:45:59 #2 store] 
Configuration path: ?

[2021-12-20 09:45:59 #3 type] 
Type ejemplo1.DepartamentoEntity is not enhanced.

[2021-12-20 09:45:59 #4 type] 
Type ejemplo1.EmpleadoEntity is not enhanced.

[2021-12-20 09:45:59 #5 store] 
Database 'C:\Users\DAM2Alu10\Documents\Acceso a datos\Workspace\AccesoDatos\TutorialObjectDB\db\empleados.odb' is closed by 9400@B02-PC09

------------------------------------------------------------------------------------------------------------------------

[2021-12-20 09:50:57 #1 store] 
Database 'C:\Users\DAM2Alu10\Documents\Acceso a datos\Workspace\AccesoDatos\TutorialObjectDB\db\empleados.odb' is opened by 9520@B02-PC09

[2021-12-20 09:50:57 #2 store] 
Configuration path: ?

[2021-12-20 09:50:57 #3 type] 
Type ejemplo1.DepartamentoEntity is not enhanced.

[2021-12-20 09:50:57 #4 type] 
Type ejemplo1.EmpleadoEntity is not enhanced.

[2021-12-20 09:50:57 #5 store] 
Database 'C:\Users\DAM2Alu10\Documents\Acceso a datos\Workspace\AccesoDatos\TutorialObjectDB\db\empleados.odb' is closed by 9520@B02-PC09

------------------------------------------------------------------------------------------------------------------------

[2021-12-20 09:52:07 #1 store] 
Database 'C:\Users\DAM2Alu10\Documents\Acceso a datos\Workspace\AccesoDatos\TutorialObjectDB\db\empleados.odb' is opened by 2244@B02-PC09

[2021-12-20 09:52:07 #2 store] 
Configuration path: ?

[2021-12-20 09:52:08 #3 type] 
Type ejemplo1.DepartamentoEntity is not enhanced.

[2021-12-20 09:52:08 #4 type] 
Type ejemplo1.EmpleadoEntity is not enhanced.

[2021-12-20 09:52:08 #5 store] 
Database 'C:\Users\DAM2Alu10\Documents\Acceso a datos\Workspace\AccesoDatos\TutorialObjectDB\db\empleados.odb' is closed by 2244@B02-PC09

------------------------------------------------------------------------------------------------------------------------

[2021-12-20 10:04:56 #1 store] 
Database 'C:\Users\DAM2Alu10\Documents\Acceso a datos\Workspace\AccesoDatos\TutorialObjectDB\db\empleados.odb' is opened by 3572@B02-PC09

[2021-12-20 10:04:56 #2 store] 
Configuration path: ?

[2021-12-20 10:04:56 #3 type] 
Type ejemplo1.DepartamentoEntity is not enhanced.

[2021-12-20 10:04:56 #4 type] 
Type ejemplo1.EmpleadoEntity is not enhanced.

[2021-12-20 10:04:56 #5 store] 
Database 'C:\Users\DAM2Alu10\Documents\Acceso a datos\Workspace\AccesoDatos\TutorialObjectDB\db\empleados.odb' is closed by 3572@B02-PC09

------------------------------------------------------------------------------------------------------------------------

[2021-12-20 10:05:08 #1 store] 
Database 'C:\Users\DAM2Alu10\Documents\Acceso a datos\Workspace\AccesoDatos\TutorialObjectDB\db\empleados.odb' is opened by 7732@B02-PC09

[2021-12-20 10:05:08 #2 store] 
Configuration path: ?

[2021-12-20 10:05:08 #3 type] 
Type ejemplo1.DepartamentoEntity is not enhanced.

[2021-12-20 10:05:08 #4 type] 
Type ejemplo1.EmpleadoEntity is not enhanced.

[2021-12-20 10:05:08 #5 store] 
Database 'C:\Users\DAM2Alu10\Documents\Acceso a datos\Workspace\AccesoDatos\TutorialObjectDB\db\empleados.odb' is closed by 7732@B02-PC09

------------------------------------------------------------------------------------------------------------------------

[2021-12-20 10:11:00 #1 store] 
Database 'C:\Users\DAM2Alu10\Documents\Acceso a datos\Workspace\AccesoDatos\TutorialObjectDB\db\empleados.odb' is opened by 1120@B02-PC09

[2021-12-20 10:11:00 #2 store] 
Configuration path: ?

[2021-12-20 10:11:00 #3 type] 
Type ejemplo1.DepartamentoEntity is not enhanced.

[2021-12-20 10:11:00 #4 type] 
Type ejemplo1.EmpleadoEntity is not enhanced.

[2021-12-20 10:11:00 #5 store] 
Database 'C:\Users\DAM2Alu10\Documents\Acceso a datos\Workspace\AccesoDatos\TutorialObjectDB\db\empleados.odb' is closed by 1120@B02-PC09

------------------------------------------------------------------------------------------------------------------------

[2021-12-20 10:12:12 #1 store] 
Database 'C:\Users\DAM2Alu10\Documents\Acceso a datos\Workspace\AccesoDatos\TutorialObjectDB\db\empleados.odb' is opened by 9320@B02-PC09

[2021-12-20 10:12:12 #2 store] 
Configuration path: ?

[2021-12-20 10:12:12 #3 type] 
Type ejemplo1.DepartamentoEntity is not enhanced.

[2021-12-20 10:12:12 #4 type] 
Type ejemplo1.EmpleadoEntity is not enhanced.

[2021-12-20 10:12:12 #5 store] 
Database 'C:\Users\DAM2Alu10\Documents\Acceso a datos\Workspace\AccesoDatos\TutorialObjectDB\db\empleados.odb' is closed by 9320@B02-PC09

------------------------------------------------------------------------------------------------------------------------

[2021-12-20 10:13:02 #1 store] 
Database 'C:\Users\DAM2Alu10\Documents\Acceso a datos\Workspace\AccesoDatos\TutorialObjectDB\db\empleados.odb' is opened by 11564@B02-PC09

[2021-12-20 10:13:02 #2 store] 
Configuration path: ?

[2021-12-20 10:13:02 #3 type] 
Type ejemplo1.DepartamentoEntity is not enhanced.

[2021-12-20 10:13:02 #4 type] 
Type ejemplo1.EmpleadoEntity is not enhanced.

[2021-12-20 10:13:02 #5 store] 
Database 'C:\Users\DAM2Alu10\Documents\Acceso a datos\Workspace\AccesoDatos\TutorialObjectDB\db\empleados.odb' is closed by 11564@B02-PC09

------------------------------------------------------------------------------------------------------------------------

[2021-12-20 10:13:40 #1 store] 
Database 'C:\Users\DAM2Alu10\Documents\Acceso a datos\Workspace\AccesoDatos\TutorialObjectDB\db\empleados.odb' is opened by 11156@B02-PC09

[2021-12-20 10:13:40 #2 store] 
Configuration path: ?

[2021-12-20 10:13:40 #3 type] 
Type ejemplo1.DepartamentoEntity is not enhanced.

[2021-12-20 10:13:40 #4 type] 
Type ejemplo1.EmpleadoEntity is not enhanced.

[2021-12-20 10:13:40 #5 store] 
Database 'C:\Users\DAM2Alu10\Documents\Acceso a datos\Workspace\AccesoDatos\TutorialObjectDB\db\empleados.odb' is closed by 11156@B02-PC09

------------------------------------------------------------------------------------------------------------------------

[2021-12-20 10:14:07 #1 store] 
Database 'C:\Users\DAM2Alu10\Documents\Acceso a datos\Workspace\AccesoDatos\TutorialObjectDB\db\empleados.odb' is opened by 1680@B02-PC09

[2021-12-20 10:14:07 #2 store] 
Configuration path: ?

[2021-12-20 10:14:07 #3 type] 
Type ejemplo1.DepartamentoEntity is not enhanced.

[2021-12-20 10:14:07 #4 type] 
Type ejemplo1.EmpleadoEntity is not enhanced.

[2021-12-20 10:14:08 #5 store] 
Database 'C:\Users\DAM2Alu10\Documents\Acceso a datos\Workspace\AccesoDatos\TutorialObjectDB\db\empleados.odb' is closed by 1680@B02-PC09

------------------------------------------------------------------------------------------------------------------------

[2021-12-20 10:14:29 #1 store] 
Database 'C:\Users\DAM2Alu10\Documents\Acceso a datos\Workspace\AccesoDatos\TutorialObjectDB\db\empleados.odb' is opened by 2292@B02-PC09

[2021-12-20 10:14:29 #2 store] 
Configuration path: ?

[2021-12-20 10:14:29 #3 type] 
Type ejemplo1.DepartamentoEntity is not enhanced.

[2021-12-20 10:14:29 #4 type] 
Type ejemplo1.EmpleadoEntity is not enhanced.

[2021-12-20 10:14:29 #5 store] 
Database 'C:\Users\DAM2Alu10\Documents\Acceso a datos\Workspace\AccesoDatos\TutorialObjectDB\db\empleados.odb' is closed by 2292@B02-PC09

------------------------------------------------------------------------------------------------------------------------

[2021-12-20 10:14:39 #1 store] 
Database 'C:\Users\DAM2Alu10\Documents\Acceso a datos\Workspace\AccesoDatos\TutorialObjectDB\db\empleados.odb' is opened by 7828@B02-PC09

[2021-12-20 10:14:39 #2 store] 
Configuration path: ?

[2021-12-20 10:14:39 #3 type] 
Type ejemplo1.DepartamentoEntity is not enhanced.

[2021-12-20 10:14:39 #4 type] 
Type ejemplo1.EmpleadoEntity is not enhanced.

[2021-12-20 10:14:39 #5 store] 
Database 'C:\Users\DAM2Alu10\Documents\Acceso a datos\Workspace\AccesoDatos\TutorialObjectDB\db\empleados.odb' is closed by 7828@B02-PC09

------------------------------------------------------------------------------------------------------------------------

[2021-12-20 10:14:53 #1 store] 
Database 'C:\Users\DAM2Alu10\Documents\Acceso a datos\Workspace\AccesoDatos\TutorialObjectDB\db\empleados.odb' is opened by 6452@B02-PC09

[2021-12-20 10:14:53 #2 store] 
Configuration path: ?

[2021-12-20 10:14:53 #3 type] 
Type ejemplo1.DepartamentoEntity is not enhanced.

[2021-12-20 10:14:53 #4 type] 
Type ejemplo1.EmpleadoEntity is not enhanced.

[2021-12-20 10:14:53 #5 store] 
Database 'C:\Users\DAM2Alu10\Documents\Acceso a datos\Workspace\AccesoDatos\TutorialObjectDB\db\empleados.odb' is closed by 6452@B02-PC09

