------------------------------------------------------------------------------------------------------------------------

[2022-01-19 17:29:31 #1 store] 
Database 'C:\Users\clopb\Documents\Estudios\FPGS DAM\2º\Acceso a datos\Workspace\TutorialObjectDB\db\empleados.odb' is opened by 16876@LAPTOP-9EKFR4T1

[2022-01-19 17:29:31 #2 store] 
Configuration path: ?

[2022-01-19 17:29:31 #3 type] 
Type ejemplo1.DepartamentoEntity is not enhanced.

[2022-01-19 17:29:31 #4 type] 
Type ejemplo1.EmpleadoEntity is not enhanced.

[2022-01-19 17:29:31 #5 store] 
Database 'C:\Users\clopb\Documents\Estudios\FPGS DAM\2º\Acceso a datos\Workspace\TutorialObjectDB\db\empleados.odb' is closed by 16876@LAPTOP-9EKFR4T1

------------------------------------------------------------------------------------------------------------------------

[2022-01-19 17:31:30 #1 store] 
Database 'C:\Users\clopb\Documents\Estudios\FPGS DAM\2º\Acceso a datos\Workspace\TutorialObjectDB\db\empleados.odb' is opened by 18732@LAPTOP-9EKFR4T1

[2022-01-19 17:31:30 #2 store] 
Configuration path: ?

[2022-01-19 17:31:30 #3 type] 
Type ejemplo1.DepartamentoEntity is not enhanced.

[2022-01-19 17:31:30 #4 type] 
Type ejemplo1.EmpleadoEntity is not enhanced.

[2022-01-19 17:31:30 #5 store] 
Database 'C:\Users\clopb\Documents\Estudios\FPGS DAM\2º\Acceso a datos\Workspace\TutorialObjectDB\db\empleados.odb' is closed by 18732@LAPTOP-9EKFR4T1

------------------------------------------------------------------------------------------------------------------------

[2022-01-19 18:14:33 #1 store] 
Database 'C:\Users\clopb\Documents\Estudios\FPGS DAM\2º\Acceso a datos\Workspace\TutorialObjectDB\db\empleados.odb' is opened by 26596@LAPTOP-9EKFR4T1

[2022-01-19 18:14:33 #2 store] 
Configuration path: ?

[2022-01-19 18:14:33 #3 type] 
Type ejemplo1.DepartamentoEntity is not enhanced.

[2022-01-19 18:14:33 #4 type] 
Type ejemplo1.EmpleadoEntity is not enhanced.

[2022-01-19 18:14:33 #5 store] 
Database 'C:\Users\clopb\Documents\Estudios\FPGS DAM\2º\Acceso a datos\Workspace\TutorialObjectDB\db\empleados.odb' is closed by 26596@LAPTOP-9EKFR4T1

------------------------------------------------------------------------------------------------------------------------

[2022-01-19 18:14:44 #1 store] 
Database 'C:\Users\clopb\Documents\Estudios\FPGS DAM\2º\Acceso a datos\Workspace\TutorialObjectDB\db\empleados.odb' is opened by 14728@LAPTOP-9EKFR4T1

[2022-01-19 18:14:44 #2 store] 
Configuration path: ?

[2022-01-19 18:14:44 #3 type] 
Type ejemplo1.DepartamentoEntity is not enhanced.

[2022-01-19 18:14:44 #4 type] 
Type ejemplo1.EmpleadoEntity is not enhanced.

[2022-01-19 18:14:44 #5 store] 
Database 'C:\Users\clopb\Documents\Estudios\FPGS DAM\2º\Acceso a datos\Workspace\TutorialObjectDB\db\empleados.odb' is closed by 14728@LAPTOP-9EKFR4T1

------------------------------------------------------------------------------------------------------------------------

[2022-01-19 18:32:07 #1 store] 
Database 'C:\Users\clopb\Documents\Estudios\FPGS DAM\2º\Acceso a datos\Workspace\TutorialObjectDB\db\empleados.odb' is opened by 18524@LAPTOP-9EKFR4T1

[2022-01-19 18:32:07 #2 store] 
Configuration path: ?

[2022-01-19 18:32:07 #3 type] 
Type ejemplo1.DepartamentoEntity is not enhanced.

[2022-01-19 18:32:07 #4 type] 
Type ejemplo1.EmpleadoEntity is not enhanced.

[2022-01-19 18:32:08 #5 store] 
Database 'C:\Users\clopb\Documents\Estudios\FPGS DAM\2º\Acceso a datos\Workspace\TutorialObjectDB\db\empleados.odb' is closed by 18524@LAPTOP-9EKFR4T1

